# JRE version: Java(TM) SE Runtime Environment (21.0.2+13) (build 21.0.2+13-LTS-58)
# Java VM: Java HotSpot(TM) 64-Bit Server VM (21.0.2+13-LTS-58, mixed mode, emulated-client, sharing, tiered, compressed oops, compressed class ptrs, g1 gc, windows-amd64)
GC Precious Log:
 CardTable entry size: 512
 Card Set container configuration: InlinePtr #cards 4 size 8 Array Of Cards #cards 16 size 48 Howl #buckets 8 coarsen threshold 3686 Howl Bitmap #cards 512 size 80 coarsen threshold 460 Card regions per heap region 1 cards per card region 4096
 CPUs: 4 total, 4 available
 Memory: 16262M
 Large Page Support: Disabled
 NUMA Support: Disabled
 Compressed Oops: Enabled (Zero based)
 Heap Region Size: 2M
 Heap Min Capacity: 8M
 Heap Initial Capacity: 256M
 Heap Max Capacity: 4066M
 Pre-touch: Disabled
 Parallel Workers: 4
 Concurrent Workers: 1
 Concurrent Refinement Workers: 4
 Periodic GC: Disabled
Heap:
 garbage-first heap   total 102400K, used 46930K [0x0000000701e00000, 0x0000000800000000)
  region size 2048K, 2 young (4096K), 1 survivors (2048K)
 Metaspace       used 78609K, committed 79552K, reserved 1179648K
  class space    used 11487K, committed 11904K, reserved 1048576K
GC Heap History (20 events):
Event: 5.788 GC heap before
{Heap before GC invocations=11 (full 0):
 garbage-first heap   total 83968K, used 66220K [0x0000000701e00000, 0x0000000800000000)
  region size 2048K, 24 young (49152K), 3 survivors (6144K)
 Metaspace       used 54536K, committed 55296K, reserved 1114112K
  class space    used 7771K, committed 8128K, reserved 1048576K
}
Event: 5.796 GC heap after
{Heap after GC invocations=12 (full 0):
 garbage-first heap   total 83968K, used 25739K [0x0000000701e00000, 0x0000000800000000)
  region size 2048K, 2 young (4096K), 2 survivors (4096K)
 Metaspace       used 54536K, committed 55296K, reserved 1114112K
  class space    used 7771K, committed 8128K, reserved 1048576K
}
Event: 6.306 GC heap before
{Heap before GC invocations=12 (full 0):
 garbage-first heap   total 83968K, used 56459K [0x0000000701e00000, 0x0000000800000000)
  region size 2048K, 18 young (36864K), 2 survivors (4096K)
 Metaspace       used 59822K, committed 60480K, reserved 1114112K
  class space    used 8473K, committed 8768K, reserved 1048576K
}
Event: 6.313 GC heap after
{Heap after GC invocations=13 (full 0):
 garbage-first heap   total 83968K, used 28961K [0x0000000701e00000, 0x0000000800000000)
  region size 2048K, 3 young (6144K), 3 survivors (6144K)
 Metaspace       used 59822K, committed 60480K, reserved 1114112K
  class space    used 8473K, committed 8768K, reserved 1048576K
}
Event: 6.676 GC heap before
{Heap before GC invocations=14 (full 0):
 garbage-first heap   total 83968K, used 69921K [0x0000000701e00000, 0x0000000800000000)
  region size 2048K, 23 young (47104K), 3 survivors (6144K)
 Metaspace       used 62233K, committed 62912K, reserved 1114112K
  class space    used 9106K, committed 9408K, reserved 1048576K
}
Event: 6.685 GC heap after
{Heap after GC invocations=15 (full 0):
 garbage-first heap   total 83968K, used 31271K [0x0000000701e00000, 0x0000000800000000)
  region size 2048K, 3 young (6144K), 3 survivors (6144K)
 Metaspace       used 62233K, committed 62912K, reserved 1114112K
  class space    used 9106K, committed 9408K, reserved 1048576K
}
Event: 6.845 GC heap before
{Heap before GC invocations=15 (full 0):
 garbage-first heap   total 83968K, used 70183K [0x0000000701e00000, 0x0000000800000000)
  region size 2048K, 22 young (45056K), 3 survivors (6144K)
 Metaspace       used 63614K, committed 64320K, reserved 1114112K
  class space    used 9286K, committed 9600K, reserved 1048576K
}
Event: 6.855 GC heap after
{Heap after GC invocations=16 (full 0):
 garbage-first heap   total 102400K, used 33695K [0x0000000701e00000, 0x0000000800000000)
  region size 2048K, 3 young (6144K), 3 survivors (6144K)
 Metaspace       used 63614K, committed 64320K, reserved 1114112K
  class space    used 9286K, committed 9600K, reserved 1048576K
}
Event: 6.985 GC heap before
{Heap before GC invocations=16 (full 0):
 garbage-first heap   total 102400K, used 88991K [0x0000000701e00000, 0x0000000800000000)
  region size 2048K, 30 young (61440K), 3 survivors (6144K)
 Metaspace       used 63629K, committed 64320K, reserved 1114112K
  class space    used 9286K, committed 9600K, reserved 1048576K
}
Event: 6.995 GC heap after
{Heap after GC invocations=17 (full 0):
 garbage-first heap   total 102400K, used 39451K [0x0000000701e00000, 0x0000000800000000)
  region size 2048K, 4 young (8192K), 4 survivors (8192K)
 Metaspace       used 63629K, committed 64320K, reserved 1114112K
  class space    used 9286K, committed 9600K, reserved 1048576K
}
Event: 7.084 GC heap before
{Heap before GC invocations=17 (full 0):
 garbage-first heap   total 102400K, used 86555K [0x0000000701e00000, 0x0000000800000000)
  region size 2048K, 27 young (55296K), 4 survivors (8192K)
 Metaspace       used 63630K, committed 64320K, reserved 1114112K
  class space    used 9286K, committed 9600K, reserved 1048576K
}
Event: 7.089 GC heap after
{Heap after GC invocations=18 (full 0):
 garbage-first heap   total 102400K, used 37656K [0x0000000701e00000, 0x0000000800000000)
  region size 2048K, 2 young (4096K), 2 survivors (4096K)
 Metaspace       used 63630K, committed 64320K, reserved 1114112K
  class space    used 9286K, committed 9600K, reserved 1048576K
}
Event: 7.514 GC heap before
{Heap before GC invocations=18 (full 0):
 garbage-first heap   total 102400K, used 88856K [0x0000000701e00000, 0x0000000800000000)
  region size 2048K, 27 young (55296K), 2 survivors (4096K)
 Metaspace       used 66001K, committed 66752K, reserved 1114112K
  class space    used 9712K, committed 10048K, reserved 1048576K
}
Event: 7.520 GC heap after
{Heap after GC invocations=19 (full 0):
 garbage-first heap   total 102400K, used 38233K [0x0000000701e00000, 0x0000000800000000)
  region size 2048K, 3 young (6144K), 3 survivors (6144K)
 Metaspace       used 66001K, committed 66752K, reserved 1114112K
  class space    used 9712K, committed 10048K, reserved 1048576K
}
Event: 20.301 GC heap before
{Heap before GC invocations=20 (full 0):
 garbage-first heap   total 102400K, used 87385K [0x0000000701e00000, 0x0000000800000000)
  region size 2048K, 27 young (55296K), 3 survivors (6144K)
 Metaspace       used 72030K, committed 72832K, reserved 1114112K
  class space    used 10590K, committed 10944K, reserved 1048576K
}
Event: 20.312 GC heap after
{Heap after GC invocations=21 (full 0):
 garbage-first heap   total 102400K, used 42225K [0x0000000701e00000, 0x0000000800000000)
  region size 2048K, 4 young (8192K), 4 survivors (8192K)
 Metaspace       used 72030K, committed 72832K, reserved 1114112K
  class space    used 10590K, committed 10944K, reserved 1048576K
}
Event: 70.434 GC heap before
{Heap before GC invocations=21 (full 0):
 garbage-first heap   total 102400K, used 87281K [0x0000000701e00000, 0x0000000800000000)
  region size 2048K, 26 young (53248K), 4 survivors (8192K)
 Metaspace       used 77885K, committed 78720K, reserved 1179648K
  class space    used 11384K, committed 11776K, reserved 1048576K
}
Event: 70.451 GC heap after
{Heap after GC invocations=22 (full 0):
 garbage-first heap   total 102400K, used 45660K [0x0000000701e00000, 0x0000000800000000)
  region size 2048K, 4 young (8192K), 4 survivors (8192K)
 Metaspace       used 77885K, committed 78720K, reserved 1179648K
  class space    used 11384K, committed 11776K, reserved 1048576K
}
Event: 195.014 GC heap before
{Heap before GC invocations=22 (full 0):
 garbage-first heap   total 102400K, used 84572K [0x0000000701e00000, 0x0000000800000000)
  region size 2048K, 24 young (49152K), 4 survivors (8192K)
 Metaspace       used 78609K, committed 79552K, reserved 1179648K
  class space    used 11487K, committed 11904K, reserved 1048576K
}
Event: 195.024 GC heap after
{Heap after GC invocations=23 (full 0):
 garbage-first heap   total 102400K, used 46930K [0x0000000701e00000, 0x0000000800000000)
  region size 2048K, 1 young (2048K), 1 survivors (2048K)
 Metaspace       used 78609K, committed 79552K, reserved 1179648K
  class space    used 11487K, committed 11904K, reserved 1048576K
}

